Wearable/build/outputs/apk/manifest-merger-debug-report.txt
-- Merging decision tree log ---
manifest
ADDED from AndroidManifest.xml:17:1
	xmlns:android
		ADDED from AndroidManifest.xml:17:11
	package
		ADDED from AndroidManifest.xml:18:9
	android:versionName
		INJECTED from AndroidManifest.xml:0:0
		INJECTED from AndroidManifest.xml:0:0
	android:versionCode
		INJECTED from AndroidManifest.xml:0:0
		INJECTED from AndroidManifest.xml:0:0
uses-sdk
ADDED from AndroidManifest.xml:20:5
MERGED from com.google.android.gms:play-services-wearable:6.5.87:18:5
MERGED from com.google.android.gms:play-services-base:6.5.87:18:5
MERGED from com.android.support:support-v4:21.0.3:15:5
MERGED from com.android.support:support-v13:21.0.3:15:5
MERGED from com.android.support:support-v4:21.0.3:15:5
MERGED from com.google.android.support:wearable:1.1.0:6:5
MERGED from com.android.support:support-v4:21.0.3:15:5
MERGED from com.android.support:recyclerview-v7:21.0.0:15:5
MERGED from com.android.support:support-v4:21.0.3:15:5
	android:targetSdkVersion
		ADDED from AndroidManifest.xml:21:9
	android:minSdkVersion
		ADDED from AndroidManifest.xml:20:15
uses-feature#android.hardware.type.watch
ADDED from AndroidManifest.xml:23:5
	android:name
		ADDED from AndroidManifest.xml:23:19
uses-permission#com.google.android.permission.PROVIDE_BACKGROUND
ADDED from AndroidManifest.xml:26:5
	android:name
		ADDED from AndroidManifest.xml:26:22
uses-permission#android.permission.WAKE_LOCK
ADDED from AndroidManifest.xml:27:5
	android:name
		ADDED from AndroidManifest.xml:27:22
uses-permission#android.permission.READ_CALENDAR
ADDED from AndroidManifest.xml:30:5
	android:name
		ADDED from AndroidManifest.xml:30:22
application
ADDED from AndroidManifest.xml:32:5
MERGED from com.google.android.gms:play-services-wearable:6.5.87:19:5
MERGED from com.google.android.gms:play-services-base:6.5.87:20:5
MERGED from com.android.support:support-v4:21.0.3:16:5
MERGED from com.android.support:support-v13:21.0.3:16:5
MERGED from com.android.support:support-v4:21.0.3:16:5
MERGED from com.google.android.support:wearable:1.1.0:10:5
MERGED from com.android.support:support-v4:21.0.3:16:5
MERGED from com.android.support:recyclerview-v7:21.0.0:17:5
MERGED from com.android.support:support-v4:21.0.3:16:5
	android:label
		ADDED from AndroidManifest.xml:35:13
	android:allowBackup
		ADDED from AndroidManifest.xml:33:13
	android:icon
		ADDED from AndroidManifest.xml:34:13
service#com.example.android.wearable.watchface.AnalogWatchFaceService
ADDED from AndroidManifest.xml:37:9
	android:label
		ADDED from AndroidManifest.xml:39:17
	android:permission
		ADDED from AndroidManifest.xml:42:17
	android:allowEmbedded
		ADDED from AndroidManifest.xml:40:17
	android:taskAffinity
		ADDED from AndroidManifest.xml:41:17
	android:name
		ADDED from AndroidManifest.xml:38:17
meta-data#android.service.wallpaper
ADDED from AndroidManifest.xml:43:13
	android:resource
		ADDED from AndroidManifest.xml:45:21
	android:name
		ADDED from AndroidManifest.xml:44:21
meta-data#com.google.android.wearable.watchface.preview
ADDED from AndroidManifest.xml:46:13
	android:resource
		ADDED from AndroidManifest.xml:48:21
	android:name
		ADDED from AndroidManifest.xml:47:21
meta-data#com.google.android.wearable.watchface.preview_circular
ADDED from AndroidManifest.xml:49:13
	android:resource
		ADDED from AndroidManifest.xml:51:21
	android:name
		ADDED from AndroidManifest.xml:50:21
meta-data#com.google.android.wearable.watchface.companionConfigurationAction
ADDED from AndroidManifest.xml:52:13
	android:name
		ADDED from AndroidManifest.xml:53:21
	android:value
		ADDED from AndroidManifest.xml:54:21
intent-filter#android.service.wallpaper.WallpaperService+com.google.android.wearable.watchface.category.WATCH_FACE
ADDED from AndroidManifest.xml:55:13
action#android.service.wallpaper.WallpaperService
ADDED from AndroidManifest.xml:56:17
	android:name
		ADDED from AndroidManifest.xml:56:25
category#com.google.android.wearable.watchface.category.WATCH_FACE
ADDED from AndroidManifest.xml:57:17
	android:name
		ADDED from AndroidManifest.xml:57:27
service#com.example.android.wearable.watchface.SweepWatchFaceService
ADDED from AndroidManifest.xml:61:9
	android:label
		ADDED from AndroidManifest.xml:63:17
	android:permission
		ADDED from AndroidManifest.xml:66:17
	android:allowEmbedded
		ADDED from AndroidManifest.xml:64:17
	android:taskAffinity
		ADDED from AndroidManifest.xml:65:17
	android:name
		ADDED from AndroidManifest.xml:62:17
service#com.example.android.wearable.watchface.TiltWatchFaceService
ADDED from AndroidManifest.xml:82:9
	android:label
		ADDED from AndroidManifest.xml:84:17
	android:permission
		ADDED from AndroidManifest.xml:87:17
	android:allowEmbedded
		ADDED from AndroidManifest.xml:85:17
	android:taskAffinity
		ADDED from AndroidManifest.xml:86:17
	android:name
		ADDED from AndroidManifest.xml:83:17
service#com.example.android.wearable.watchface.CardBoundsWatchFaceService
ADDED from AndroidManifest.xml:107:9
	android:label
		ADDED from AndroidManifest.xml:109:17
	android:permission
		ADDED from AndroidManifest.xml:112:17
	android:allowEmbedded
		ADDED from AndroidManifest.xml:110:17
	android:taskAffinity
		ADDED from AndroidManifest.xml:111:17
	android:name
		ADDED from AndroidManifest.xml:108:17
service#com.example.android.wearable.watchface.DigitalWatchFaceService
ADDED from AndroidManifest.xml:131:9
	android:label
		ADDED from AndroidManifest.xml:133:17
	android:permission
		ADDED from AndroidManifest.xml:136:17
	android:allowEmbedded
		ADDED from AndroidManifest.xml:134:17
	android:taskAffinity
		ADDED from AndroidManifest.xml:135:17
	android:name
		ADDED from AndroidManifest.xml:132:17
meta-data#com.google.android.wearable.watchface.wearableConfigurationAction
ADDED from AndroidManifest.xml:149:13
	android:name
		ADDED from AndroidManifest.xml:150:21
	android:value
		ADDED from AndroidManifest.xml:151:21
activity#com.example.android.wearable.watchface.DigitalWatchFaceWearableConfigActivity
ADDED from AndroidManifest.xml:162:9
	android:label
		ADDED from AndroidManifest.xml:164:17
	android:name
		ADDED from AndroidManifest.xml:163:17
intent-filter#android.intent.category.DEFAULT+com.example.android.wearable.watchface.CONFIG_DIGITAL+com.google.android.wearable.watchface.category.WEARABLE_CONFIGURATION
ADDED from AndroidManifest.xml:165:13
action#com.example.android.wearable.watchface.CONFIG_DIGITAL
ADDED from AndroidManifest.xml:166:17
	android:name
		ADDED from AndroidManifest.xml:166:25
category#com.google.android.wearable.watchface.category.WEARABLE_CONFIGURATION
ADDED from AndroidManifest.xml:167:17
	android:name
		ADDED from AndroidManifest.xml:167:27
category#android.intent.category.DEFAULT
ADDED from AndroidManifest.xml:168:17
	android:name
		ADDED from AndroidManifest.xml:168:27
service#com.example.android.wearable.watchface.CalendarWatchFaceService
ADDED from AndroidManifest.xml:172:9
	android:label
		ADDED from AndroidManifest.xml:174:17
	android:permission
		ADDED from AndroidManifest.xml:177:17
	android:allowEmbedded
		ADDED from AndroidManifest.xml:175:17
	android:taskAffinity
		ADDED from AndroidManifest.xml:176:17
	android:name
		ADDED from AndroidManifest.xml:173:17
service#com.example.android.wearable.watchface.DigitalWatchFaceConfigListenerService
ADDED from AndroidManifest.xml:193:9
	android:name
		ADDED from AndroidManifest.xml:193:18
intent-filter#com.google.android.gms.wearable.BIND_LISTENER
ADDED from AndroidManifest.xml:194:13
action#com.google.android.gms.wearable.BIND_LISTENER
ADDED from AndroidManifest.xml:195:17
	android:name
		ADDED from AndroidManifest.xml:195:25
meta-data#com.google.android.gms.version
ADDED from AndroidManifest.xml:199:9
MERGED from com.google.android.gms:play-services-base:6.5.87:21:9
	android:name
		ADDED from AndroidManifest.xml:200:17
	android:value
		ADDED from AndroidManifest.xml:201:17
activity#android.support.v7.widget.TestActivity
ADDED from com.android.support:recyclerview-v7:21.0.0:18:9
	android:label
		ADDED from com.android.support:recyclerview-v7:21.0.0:18:19
	android:name
		ADDED from com.android.support:recyclerview-v7:21.0.0:18:60